#
# There is insufficient memory for the Java Runtime Environment to continue.
# Native memory allocation (malloc) failed to allocate 417552 bytes for Chunk::new
# Possible reasons:
#   The system is out of physical RAM or swap space
#   In 32 bit mode, the process size limit was hit
# Possible solutions:
#   Reduce memory load on the system
#   Increase physical memory or swap space
#   Check if swap backing store is full
#   Use 64 bit Java on a 64 bit OS
#   Decrease Java heap size (-Xmx/-Xms)
#   Decrease number of Java threads
#   Decrease Java thread stack sizes (-Xss)
#   Set larger code cache with -XX:ReservedCodeCacheSize=
# This output file may be truncated or incomplete.
#
#  Out of Memory Error (allocation.cpp:390), pid=7592, tid=0x0000000000000c64
#
# JRE version: Java(TM) SE Runtime Environment (8.0_161-b12) (build 1.8.0_161-b12)
# Java VM: Java HotSpot(TM) 64-Bit Server VM (25.161-b12 mixed mode windows-amd64 compressed oops)
# Failed to write core dump. Minidumps are not enabled by default on client versions of Windows
#

---------------  T H R E A D  ---------------

Current thread (0x000000001b49f800):  JavaThread "C2 CompilerThread2" daemon [_thread_in_native, id=3172, stack(0x000000001bf70000,0x000000001c070000)]

Stack: [0x000000001bf70000,0x000000001c070000]
[error occurred during error reporting (printing stack bounds), id 0xc0000005]

Native frames: (J=compiled Java code, j=interpreted, Vv=VM code, C=native code)


Current CompileTask:
C2:   1418  946       4       java.io.WinNTFileSystem::normalize (231 bytes)


---------------  P R O C E S S  ---------------

Java Threads: ( => current thread )
  0x000000001b52d800 JavaThread "Service Thread" daemon [_thread_blocked, id=16448, stack(0x000000001c170000,0x000000001c270000)]
  0x000000001b4a3000 JavaThread "C1 CompilerThread3" daemon [_thread_blocked, id=220, stack(0x000000001c070000,0x000000001c170000)]
=>0x000000001b49f800 JavaThread "C2 CompilerThread2" daemon [_thread_in_native, id=3172, stack(0x000000001bf70000,0x000000001c070000)]
  0x000000001b49f000 JavaThread "C2 CompilerThread1" daemon [_thread_in_native, id=16972, stack(0x000000001be70000,0x000000001bf70000)]
  0x000000001b49d000 JavaThread "C2 CompilerThread0" daemon [_thread_in_native, id=4116, stack(0x000000001bd70000,0x000000001be70000)]
  0x000000001b49a800 JavaThread "Attach Listener" daemon [_thread_blocked, id=2760, stack(0x000000001bc70000,0x000000001bd70000)]
  0x000000001b499800 JavaThread "Signal Dispatcher" daemon [_thread_blocked, id=624, stack(0x000000001bb70000,0x000000001bc70000)]
  0x00000000045c9800 JavaThread "Finalizer" daemon [_thread_blocked, id=18036, stack(0x000000001b870000,0x000000001b970000)]
  0x00000000045c6000 JavaThread "Reference Handler" daemon [_thread_blocked, id=4612, stack(0x000000001b370000,0x000000001b470000)]
  0x00000000044d2800 JavaThread "main" [_thread_in_Java, id=14788, stack(0x0000000004370000,0x0000000004470000)]

Other Threads:
  0x0000000019549000 VMThread [stack: 0x000000001b270000,0x000000001b370000] [id=17332]
  0x000000001b4bb800 WatcherThread [stack: 0x000000001c270000,0x000000001c370000] [id=19012]

VM state:not at safepoint (normal execution)

VM Mutex/Monitor currently owned by a thread: None

Heap:
 PSYoungGen      total 38400K, used 27513K [0x00000000d5f00000, 0x00000000d8980000, 0x0000000100000000)
  eden space 33280K, 67% used [0x00000000d5f00000,0x00000000d74e4968,0x00000000d7f80000)
  from space 5120K, 99% used [0x00000000d7f80000,0x00000000d8479cd0,0x00000000d8480000)
  to   space 5120K, 0% used [0x00000000d8480000,0x00000000d8480000,0x00000000d8980000)
 ParOldGen       total 87552K, used 491K [0x0000000081c00000, 0x0000000087180000, 0x00000000d5f00000)
  object space 87552K, 0% used [0x0000000081c00000,0x0000000081c7adf0,0x0000000087180000)
 Metaspace       used 10441K, capacity 10634K, committed 10752K, reserved 1058816K
  class space    used 1406K, capacity 1521K, committed 1536K, reserved 1048576K

Card table byte_map: [0x0000000013990000,0x0000000013d90000] byte_map_base: 0x0000000013582000

Marking Bits: (ParMarkBitMap*) 0x0000000064a4f860
 Begin Bits: [0x0000000014840000, 0x00000000167d0000)
 End Bits:   [0x00000000167d0000, 0x0000000018760000)

Polling page: 0x0000000002b10000

CodeCache: size=245760Kb used=3608Kb max_used=3608Kb free=242151Kb
 bounds [0x00000000045d0000, 0x0000000004960000, 0x00000000135d0000]
 total_blobs=1307 nmethods=974 adapters=245
 compilation: enabled

Compilation events (10 events):
Event: 1.337 Thread 0x000000001b4a3000 nmethod 962 0x000000000494d710 code [0x000000000494d860, 0x000000000494da10]
Event: 1.337 Thread 0x000000001b4a3000  963       3       java.lang.Class$Atomic::casReflectionData (13 bytes)
Event: 1.337 Thread 0x000000001b4a3000 nmethod 963 0x000000000494d3d0 code [0x000000000494d520, 0x000000000494d690]
Event: 1.341 Thread 0x000000001b49d000  964       4       sun.net.www.ParseUtil::encodePath (336 bytes)
Event: 1.344 Thread 0x000000001b4a3000  965       3       sun.reflect.ReflectionFactory::copyMethod (10 bytes)
Event: 1.345 Thread 0x000000001b4a3000 nmethod 965 0x000000000494edd0 code [0x000000000494ef60, 0x000000000494f348]
Event: 1.345 Thread 0x000000001b4a3000  966       3       java.lang.reflect.ReflectAccess::copyMethod (5 bytes)
Event: 1.345 Thread 0x000000001b4a3000 nmethod 966 0x000000000494e990 code [0x000000000494eb00, 0x000000000494ed08]
Event: 1.345 Thread 0x000000001b4a3000  967       3       java.lang.reflect.Method::<init> (68 bytes)
Event: 1.345 Thread 0x000000001b4a3000 nmethod 967 0x000000000494e350 code [0x000000000494e4c0, 0x000000000494e810]

GC Heap History (2 events):
Event: 1.205 GC heap before
{Heap before GC invocations=1 (full 0):
 PSYoungGen      total 38400K, used 33280K [0x00000000d5f00000, 0x00000000d8980000, 0x0000000100000000)
  eden space 33280K, 100% used [0x00000000d5f00000,0x00000000d7f80000,0x00000000d7f80000)
  from space 5120K, 0% used [0x00000000d8480000,0x00000000d8480000,0x00000000d8980000)
  to   space 5120K, 0% used [0x00000000d7f80000,0x00000000d7f80000,0x00000000d8480000)
 ParOldGen       total 87552K, used 0K [0x0000000081c00000, 0x0000000087180000, 0x00000000d5f00000)
  object space 87552K, 0% used [0x0000000081c00000,0x0000000081c00000,0x0000000087180000)
 Metaspace       used 9155K, capacity 9362K, committed 9600K, reserved 1056768K
  class space    used 1198K, capacity 1289K, committed 1408K, reserved 1048576K
Event: 1.209 GC heap after
Heap after GC invocations=1 (full 0):
 PSYoungGen      total 38400K, used 5095K [0x00000000d5f00000, 0x00000000d8980000, 0x0000000100000000)
  eden space 33280K, 0% used [0x00000000d5f00000,0x00000000d5f00000,0x00000000d7f80000)
  from space 5120K, 99% used [0x00000000d7f80000,0x00000000d8479cd0,0x00000000d8480000)
  to   space 5120K, 0% used [0x00000000d8480000,0x00000000d8480000,0x00000000d8980000)
 ParOldGen       total 87552K, used 491K [0x0000000081c00000, 0x0000000087180000, 0x00000000d5f00000)
  object space 87552K, 0% used [0x0000000081c00000,0x0000000081c7adf0,0x0000000087180000)
 Metaspace       used 9155K, capacity 9362K, committed 9600K, reserved 1056768K
  class space    used 1198K, capacity 1289K, committed 1408K, reserved 1048576K
}

Deoptimization events (2 events):
Event: 0.732 Thread 0x00000000044d2800 Uncommon trap: reason=unstable_if action=reinterpret pc=0x00000000047df868 method=java.lang.String.indexOf([CII[CIII)I @ 134
Event: 0.988 Thread 0x00000000044d2800 Uncommon trap: reason=unstable_if action=reinterpret pc=0x0000000004727d40 method=java.lang.CharacterData.of(I)Ljava/lang/CharacterData; @ 4

Classes redefined (0 events):
No events

Internal exceptions (10 events):
Event: 1.061 Thread 0x00000000044d2800 Exception <a 'java/lang/ArrayIndexOutOfBoundsException'> (0x00000000d750c668) thrown at [C:\re\workspace\8-2-build-windows-amd64-cygwin\jdk8u161\10277\hotspot\src\share\vm\runtime\sharedRuntime.cpp, line 605]
Event: 1.061 Thread 0x00000000044d2800 Exception <a 'java/lang/ArrayIndexOutOfBoundsException'> (0x00000000d7516530) thrown at [C:\re\workspace\8-2-build-windows-amd64-cygwin\jdk8u161\10277\hotspot\src\share\vm\runtime\sharedRuntime.cpp, line 605]
Event: 1.061 Thread 0x00000000044d2800 Exception <a 'java/lang/ArrayIndexOutOfBoundsException'> (0x00000000d7517750) thrown at [C:\re\workspace\8-2-build-windows-amd64-cygwin\jdk8u161\10277\hotspot\src\share\vm\runtime\sharedRuntime.cpp, line 605]
Event: 1.061 Thread 0x00000000044d2800 Exception <a 'java/lang/ArrayIndexOutOfBoundsException'> (0x00000000d75194d0) thrown at [C:\re\workspace\8-2-build-windows-amd64-cygwin\jdk8u161\10277\hotspot\src\share\vm\runtime\sharedRuntime.cpp, line 605]
Event: 1.254 Thread 0x00000000044d2800 Exception <a 'java/security/PrivilegedActionException'> (0x00000000d657a4c0) thrown at [C:\re\workspace\8-2-build-windows-amd64-cygwin\jdk8u161\10277\hotspot\src\share\vm\prims\jvm.cpp, line 1390]
Event: 1.254 Thread 0x00000000044d2800 Exception <a 'java/security/PrivilegedActionException'> (0x00000000d657a8b8) thrown at [C:\re\workspace\8-2-build-windows-amd64-cygwin\jdk8u161\10277\hotspot\src\share\vm\prims\jvm.cpp, line 1390]
Event: 1.308 Thread 0x00000000044d2800 Exception <a 'java/lang/ArrayIndexOutOfBoundsException'> (0x00000000d6a858b8) thrown at [C:\re\workspace\8-2-build-windows-amd64-cygwin\jdk8u161\10277\hotspot\src\share\vm\runtime\sharedRuntime.cpp, line 605]
Event: 1.313 Thread 0x00000000044d2800 Exception <a 'java/lang/ArrayIndexOutOfBoundsException'> (0x00000000d6b53f58) thrown at [C:\re\workspace\8-2-build-windows-amd64-cygwin\jdk8u161\10277\hotspot\src\share\vm\runtime\sharedRuntime.cpp, line 605]
Event: 1.313 Thread 0x00000000044d2800 Exception <a 'java/lang/ArrayIndexOutOfBoundsException'> (0x00000000d6b5fac8) thrown at [C:\re\workspace\8-2-build-windows-amd64-cygwin\jdk8u161\10277\hotspot\src\share\vm\runtime\sharedRuntime.cpp, line 605]
Event: 1.352 Thread 0x00000000044d2800 Exception <a 'java/lang/NoClassDefFoundError': org/slf4j/impl/StaticMarkerBinder> (0x00000000d7121ca0) thrown at [C:\re\workspace\8-2-build-windows-amd64-cygwin\jdk8u161\10277\hotspot\src\share\vm\classfile\systemDictionary.cpp, line 199]

Events (10 events):
Event: 1.353 loading class org/slf4j/helpers/BasicMarker
Event: 1.353 loading class org/slf4j/helpers/BasicMarker done
Event: 1.353 loading class org/gradle/cache/internal/DefaultFileLockManager
Event: 1.353 loading class org/gradle/cache/internal/DefaultFileLockManager done
Event: 1.354 loading class org/gradle/cache/internal/FileLock
Event: 1.354 loading class org/gradle/cache/internal/FileLock done
Event: 1.354 loading class org/gradle/cache/internal/FileAccess
Event: 1.354 loading class org/gradle/cache/internal/FileAccess done
Event: 1.354 loading class org/gradle/cache/internal/DefaultProcessMetaDataProvider
Event: 1.354 loading class org/gradle/cache/internal/DefaultProcessMetaDataProvider done


Dynamic libraries:
0x00007ff6a8c30000 - 0x00007ff6a8c67000 	C:\Program Files\Java\jdk1.8.0_161\bin\java.exe
0x00007ffcf0f00000 - 0x00007ffcf10e0000 	C:\WINDOWS\SYSTEM32\ntdll.dll
0x00007ffcee720000 - 0x00007ffcee7ce000 	C:\WINDOWS\System32\KERNEL32.DLL
0x00007ffcee160000 - 0x00007ffcee3c6000 	C:\WINDOWS\System32\KERNELBASE.dll
0x00007ffcf0e20000 - 0x00007ffcf0ec1000 	C:\WINDOWS\System32\ADVAPI32.dll
0x00007ffcee3d0000 - 0x00007ffcee46d000 	C:\WINDOWS\System32\msvcrt.dll
0x00007ffcf0b90000 - 0x00007ffcf0beb000 	C:\WINDOWS\System32\sechost.dll
0x00007ffcf0d00000 - 0x00007ffcf0e1f000 	C:\WINDOWS\System32\RPCRT4.dll
0x00007ffcf0a00000 - 0x00007ffcf0b8f000 	C:\WINDOWS\System32\USER32.dll
0x00007ffced360000 - 0x00007ffced380000 	C:\WINDOWS\System32\win32u.dll
0x00007ffcee470000 - 0x00007ffcee498000 	C:\WINDOWS\System32\GDI32.dll
0x00007ffced740000 - 0x00007ffced8d3000 	C:\WINDOWS\System32\gdi32full.dll
0x00007ffced650000 - 0x00007ffced6eb000 	C:\WINDOWS\System32\msvcp_win.dll
0x00007ffced550000 - 0x00007ffced646000 	C:\WINDOWS\System32\ucrtbase.dll
0x00007ffce5310000 - 0x00007ffce5579000 	C:\WINDOWS\WinSxS\amd64_microsoft.windows.common-controls_6595b64144ccf1df_6.0.16299.431_none_15c7d3ee93659e73\COMCTL32.dll
0x00007ffcefd00000 - 0x00007ffcf0008000 	C:\WINDOWS\System32\combase.dll
0x00007ffcee0e0000 - 0x00007ffcee152000 	C:\WINDOWS\System32\bcryptPrimitives.dll
0x00007ffcf0c50000 - 0x00007ffcf0c7d000 	C:\WINDOWS\System32\IMM32.DLL
0x0000000065a50000 - 0x0000000065b22000 	C:\Program Files\Java\jdk1.8.0_161\jre\bin\msvcr100.dll
0x0000000064230000 - 0x0000000064acf000 	C:\Program Files\Java\jdk1.8.0_161\jre\bin\server\jvm.dll
0x00007ffcee8b0000 - 0x00007ffcee8b8000 	C:\WINDOWS\System32\PSAPI.DLL
0x00007ffce9ae0000 - 0x00007ffce9ae9000 	C:\WINDOWS\SYSTEM32\WSOCK32.dll
0x00007ffceb5e0000 - 0x00007ffceb603000 	C:\WINDOWS\SYSTEM32\WINMM.dll
0x00007ffcf0010000 - 0x00007ffcf007c000 	C:\WINDOWS\System32\WS2_32.dll
0x00007ffce3280000 - 0x00007ffce328a000 	C:\WINDOWS\SYSTEM32\VERSION.dll
0x00007ffceb5b0000 - 0x00007ffceb5da000 	C:\WINDOWS\SYSTEM32\WINMMBASE.dll
0x00007ffced6f0000 - 0x00007ffced73a000 	C:\WINDOWS\System32\cfgmgr32.dll
0x0000000065a40000 - 0x0000000065a4f000 	C:\Program Files\Java\jdk1.8.0_161\jre\bin\verify.dll
0x0000000065a10000 - 0x0000000065a39000 	C:\Program Files\Java\jdk1.8.0_161\jre\bin\java.dll
0x00000000659f0000 - 0x0000000065a06000 	C:\Program Files\Java\jdk1.8.0_161\jre\bin\zip.dll
0x00007ffcee8c0000 - 0x00007ffcefcf8000 	C:\WINDOWS\System32\SHELL32.dll
0x00007ffcee610000 - 0x00007ffcee6b6000 	C:\WINDOWS\System32\shcore.dll
0x00007ffced990000 - 0x00007ffcee0d7000 	C:\WINDOWS\System32\windows.storage.dll
0x00007ffcee4a0000 - 0x00007ffcee4f1000 	C:\WINDOWS\System32\shlwapi.dll
0x00007ffced290000 - 0x00007ffced2a1000 	C:\WINDOWS\System32\kernel.appcore.dll
0x00007ffced2b0000 - 0x00007ffced2fc000 	C:\WINDOWS\System32\powrprof.dll
0x00007ffced270000 - 0x00007ffced28b000 	C:\WINDOWS\System32\profapi.dll
0x00000000659d0000 - 0x00000000659ea000 	C:\Program Files\Java\jdk1.8.0_161\jre\bin\net.dll
0x00007ffceca80000 - 0x00007ffcecae6000 	C:\WINDOWS\system32\mswsock.dll
0x00000000659b0000 - 0x00000000659c1000 	C:\Program Files\Java\jdk1.8.0_161\jre\bin\nio.dll
0x00007ffce5ac0000 - 0x00007ffce5ade000 	C:\Users\антон\.gradle\native\25\windows-amd64\native-platform.dll
0x00007ffcecc40000 - 0x00007ffcecc57000 	C:\WINDOWS\SYSTEM32\CRYPTSP.dll
0x00007ffcec680000 - 0x00007ffcec6b3000 	C:\WINDOWS\system32\rsaenh.dll
0x00007ffcecd50000 - 0x00007ffcecd75000 	C:\WINDOWS\SYSTEM32\bcrypt.dll
0x00007ffced180000 - 0x00007ffced1a9000 	C:\WINDOWS\SYSTEM32\USERENV.dll
0x00007ffcecc60000 - 0x00007ffcecc6b000 	C:\WINDOWS\SYSTEM32\CRYPTBASE.dll
0x00007ffcec810000 - 0x00007ffcec849000 	C:\WINDOWS\SYSTEM32\IPHLPAPI.DLL
0x00007ffcee7d0000 - 0x00007ffcee7d8000 	C:\WINDOWS\System32\NSI.dll
0x00007ffce6ac0000 - 0x00007ffce6ad6000 	C:\WINDOWS\SYSTEM32\dhcpcsvc6.DLL
0x00007ffce6aa0000 - 0x00007ffce6aba000 	C:\WINDOWS\SYSTEM32\dhcpcsvc.DLL
0x00000000659a0000 - 0x00000000659ad000 	C:\Program Files\Java\jdk1.8.0_161\jre\bin\management.dll

VM Arguments:
java_command: org.gradle.launcher.GradleMain -Dorg.gradle.jvmargs=-Xmx2048m --stop
java_class_path (initial): D:\Unity\Editor\Data\PlaybackEngines\AndroidPlayer\Tools\gradle\lib\gradle-launcher-4.0.1.jar
Launcher Type: SUN_STANDARD

Environment Variables:
JAVA_HOME=C:\Program Files\Java\jdk1.8.0_71\bin
PATH=C:\Program Files\Microsoft MPI\Bin\;C:\ProgramData\Oracle\Java\javapath;C:\Program Files (x86)\NVIDIA Corporation\PhysX\Common;C:\Program Files (x86)\Intel\iCLS Client\;C:\Program Files\Intel\iCLS Client\;C:\WINDOWS\system32;C:\WINDOWS;C:\WINDOWS\System32\Wbem;C:\WINDOWS\System32\WindowsPowerShell\v1.0\;C:\Program Files (x86)\Windows Live\Shared;C:\Program Files\Intel\Intel(R) Management Engine Components\DAL;C:\Program Files\Intel\Intel(R) Management Engine Components\IPT;C:\Program Files (x86)\Intel\Intel(R) Management Engine Components\DAL;C:\Program Files (x86)\Intel\Intel(R) Management Engine Components\IPT;C:\Program Files (x86)\Intel\OpenCL SDK\2.0\bin\x86;C:\Program Files (x86)\Intel\OpenCL SDK\2.0\bin\x64;c:\Program Files (x86)\Microsoft SQL Server\100\Tools\Binn\;c:\Program Files\Microsoft SQL Server\100\Tools\Binn\;c:\Program Files\Microsoft SQL Server\100\DTS\Binn\;C:\Program Files (x86)\GtkSharp\2.12\bin;C:\Program Files (x86)\Skype\Phone\;C:\Program Files\dotnet\;C:\Program Files\Microsoft DNX\Dnvm\;C:\Program Files\Microsoft SQL Server\120\Tools\Binn\;C:\Program Files\Microsoft SQL Server\130\Tools\Binn\;C:\Program Files (x86)\Microsoft SQL Server\140\Tools\Binn\;C:\Program Files\Microsoft SQL Server\140\Tools\Binn\;C:\Program Files (x86)\Microsoft SQL Server\140\DTS\Binn\;C:\Program Files\Microsoft SQL Server\140\DTS\Binn\;C:\Program Files\Microsoft SQL Server\Client SDK\ODBC\130\Tools\Binn\;C:\Program Files (x86)\Microsoft SQL Server\Client SDK\ODBC\130\Tools\Binn\;C:\Program Files (x86)\Microsoft SQL Server\140\Tools\Binn\ManagementStudio\;D:\Git\cmd;C:\Users\антон\AppData\Local\Programs\Python\Python36-32\Scripts\;C:\Users\антон\AppData\Local\Programs\Python\Python36-32\;C:\Users\антон\AppData\Local\Microsoft\WindowsApps;C:\Users\антон\AppData\Local\GitHubDesktop\bin
USERNAME=антон
OS=Windows_NT
PROCESSOR_IDENTIFIER=Intel64 Family 6 Model 58 Stepping 9, GenuineIntel



---------------  S Y S T E M  ---------------

OS: Windows 10.0 , 64 bit Build 16299 (10.0.16299.431)

CPU:total 8 (initial active 8) (4 cores per cpu, 2 threads per core) family 6 model 58 stepping 9, cmov, cx8, fxsr, mmx, sse, sse2, sse3, ssse3, sse4.1, sse4.2, popcnt, avx, aes, clmul, erms, ht, tsc, tscinvbit, tscinv

Memory: 4k page, physical 8271680k(1696392k free), swap 11343680k(10096k free)

vm_info: Java HotSpot(TM) 64-Bit Server VM (25.161-b12) for windows-amd64 JRE (1.8.0_161-b12), built on Dec 19 2017 17:52:25 by "java_re" with MS VC++ 10.0 (VS2010)

time: Mon Jun 04 02:52:13 2018
elapsed time: 1 seconds (0d 0h 0m 1s)

